#
# There is insufficient memory for the Java Runtime Environment to continue.
# Native memory allocation (malloc) failed to allocate 131088 bytes for Chunk::new
# Possible reasons:
#   The system is out of physical RAM or swap space
#   In 32 bit mode, the process size limit was hit
# Possible solutions:
#   Reduce memory load on the system
#   Increase physical memory or swap space
#   Check if swap backing store is full
#   Use 64 bit Java on a 64 bit OS
#   Decrease Java heap size (-Xmx/-Xms)
#   Decrease number of Java threads
#   Decrease Java thread stack sizes (-Xss)
#   Set larger code cache with -XX:ReservedCodeCacheSize=
# This output file may be truncated or incomplete.
#
#  Out of Memory Error (allocation.cpp:390), pid=896, tid=0x000000000000168c
#
# JRE version: OpenJDK Runtime Environment (8.0_152-b02) (build 1.8.0_152-release-1024-b02)
# Java VM: OpenJDK 64-Bit Server VM (25.152-b02 mixed mode windows-amd64 compressed oops)
# Failed to write core dump. Minidumps are not enabled by default on client versions of Windows
#

---------------  T H R E A D  ---------------

Current thread (0x000000001bf9e000):  JavaThread "C2 CompilerThread1" daemon [_thread_in_native, id=5772, stack(0x000000001c880000,0x000000001c980000)]

Stack: [0x000000001c880000,0x000000001c980000]
[error occurred during error reporting (printing stack bounds), id 0xc0000005]

Native frames: (J=compiled Java code, j=interpreted, Vv=VM code, C=native code)


Current CompileTask:
C2:   3274 4080       4       org.jetbrains.kotlin.com.intellij.psi.impl.source.CharTableImpl::intern (71 bytes)


---------------  P R O C E S S  ---------------

Java Threads: ( => current thread )
  0x000000001c03f800 JavaThread "Service Thread" daemon [_thread_blocked, id=5352, stack(0x000000001cb80000,0x000000001cc80000)]
  0x000000001bfa9800 JavaThread "C1 CompilerThread3" daemon [_thread_blocked, id=9104, stack(0x000000001ca80000,0x000000001cb80000)]
  0x000000001bfa0800 JavaThread "C2 CompilerThread2" daemon [_thread_in_native, id=6604, stack(0x000000001c980000,0x000000001ca80000)]
=>0x000000001bf9e000 JavaThread "C2 CompilerThread1" daemon [_thread_in_native, id=5772, stack(0x000000001c880000,0x000000001c980000)]
  0x000000001bf9a800 JavaThread "C2 CompilerThread0" daemon [_thread_in_native, id=8104, stack(0x000000001c780000,0x000000001c880000)]
  0x000000001bf99800 JavaThread "Attach Listener" daemon [_thread_blocked, id=10716, stack(0x000000001c680000,0x000000001c780000)]
  0x000000001bf98000 JavaThread "Signal Dispatcher" daemon [_thread_blocked, id=7304, stack(0x000000001c580000,0x000000001c680000)]
  0x000000001bf91000 JavaThread "Finalizer" daemon [_thread_blocked, id=6176, stack(0x000000001c370000,0x000000001c470000)]
  0x000000001a09b000 JavaThread "Reference Handler" daemon [_thread_blocked, id=7132, stack(0x000000001be70000,0x000000001bf70000)]
  0x0000000004fe4000 JavaThread "main" [_thread_in_Java, id=8776, stack(0x0000000004ee0000,0x0000000004fe0000)]

Other Threads:
  0x000000001a095800 VMThread [stack: 0x000000001bd70000,0x000000001be70000] [id=10204]
  0x000000001c048800 WatcherThread [stack: 0x000000001cc80000,0x000000001cd80000] [id=3136]

VM state:not at safepoint (normal execution)

VM Mutex/Monitor currently owned by a thread: None

Heap:
 PSYoungGen      total 138240K, used 58568K [0x00000000d5f00000, 0x00000000e0b80000, 0x0000000100000000)
  eden space 133120K, 43% used [0x00000000d5f00000,0x00000000d98321a8,0x00000000de100000)
  from space 5120K, 0% used [0x00000000de100000,0x00000000de100000,0x00000000de600000)
  to   space 20992K, 0% used [0x00000000df700000,0x00000000df700000,0x00000000e0b80000)
 ParOldGen       total 129536K, used 25375K [0x0000000081c00000, 0x0000000089a80000, 0x00000000d5f00000)
  object space 129536K, 19% used [0x0000000081c00000,0x00000000834c7f28,0x0000000089a80000)
 Metaspace       used 38797K, capacity 39352K, committed 39640K, reserved 1087488K
  class space    used 4895K, capacity 5063K, committed 5120K, reserved 1048576K

Card table byte_map: [0x00000000144b0000,0x00000000148b0000] byte_map_base: 0x00000000140a2000

Marking Bits: (ParMarkBitMap*) 0x0000000066e34970
 Begin Bits: [0x0000000015360000, 0x00000000172f0000)
 End Bits:   [0x00000000172f0000, 0x0000000019280000)

Polling page: 0x00000000036b0000

CodeCache: size=245760Kb used=12463Kb max_used=12463Kb free=233296Kb
 bounds [0x00000000050f0000, 0x0000000005d30000, 0x00000000140f0000]
 total_blobs=4513 nmethods=4080 adapters=344
 compilation: enabled

Compilation events (10 events):
Event: 3.264 Thread 0x000000001bfa9800 4118       2       org.jetbrains.org.objectweb.asm.ClassReader::readMethod (1117 bytes)
Event: 3.269 Thread 0x000000001bfa9800 nmethod 4118 0x0000000005d20450 code [0x0000000005d208e0, 0x0000000005d23088]
Event: 3.269 Thread 0x000000001bfa9800 4120       2       org.jetbrains.kotlin.gnu.trove.TIterator::<init> (32 bytes)
Event: 3.269 Thread 0x000000001bfa9800 nmethod 4120 0x0000000005d19a90 code [0x0000000005d19c00, 0x0000000005d19dd8]
Event: 3.269 Thread 0x000000001bfa9800 4122       2       org.jetbrains.kotlin.load.java.lazy.descriptors.JvmPackageScope::recordLookup (35 bytes)
Event: 3.269 Thread 0x000000001bfa9800 nmethod 4122 0x0000000005d19590 code [0x0000000005d19720, 0x0000000005d19928]
Event: 3.269 Thread 0x000000001bfa9800 4123       2       org.jetbrains.kotlin.serialization.deserialization.descriptors.DeserializedPackageMemberScope::recordLookup (32 bytes)
Event: 3.270 Thread 0x000000001bfa9800 nmethod 4123 0x0000000005d19090 code [0x0000000005d19220, 0x0000000005d19428]
Event: 3.270 Thread 0x000000001bfa9800 4119       1       org.jetbrains.kotlin.resolve.jvm.KotlinJavaPsiFacade::getProject (5 bytes)
Event: 3.270 Thread 0x000000001bfa9800 nmethod 4119 0x0000000005d18dd0 code [0x0000000005d18f20, 0x0000000005d19030]

GC Heap History (10 events):
Event: 1.090 GC heap before
{Heap before GC invocations=3 (full 0):
 PSYoungGen      total 71680K, used 30803K [0x00000000d5f00000, 0x00000000daa00000, 0x0000000100000000)
  eden space 66560K, 38% used [0x00000000d5f00000,0x00000000d7816360,0x00000000da000000)
  from space 5120K, 99% used [0x00000000da500000,0x00000000da9feaf8,0x00000000daa00000)
  to   space 5120K, 0% used [0x00000000da000000,0x00000000da000000,0x00000000da500000)
 ParOldGen       total 87552K, used 7690K [0x0000000081c00000, 0x0000000087180000, 0x00000000d5f00000)
  object space 87552K, 8% used [0x0000000081c00000,0x0000000082382a90,0x0000000087180000)
 Metaspace       used 20808K, capacity 21166K, committed 21248K, reserved 1067008K
  class space    used 2659K, capacity 2801K, committed 2816K, reserved 1048576K
Event: 1.097 GC heap after
Heap after GC invocations=3 (full 0):
 PSYoungGen      total 71680K, used 5089K [0x00000000d5f00000, 0x00000000deb00000, 0x0000000100000000)
  eden space 66560K, 0% used [0x00000000d5f00000,0x00000000d5f00000,0x00000000da000000)
  from space 5120K, 99% used [0x00000000da000000,0x00000000da4f8528,0x00000000da500000)
  to   space 5120K, 0% used [0x00000000de600000,0x00000000de600000,0x00000000deb00000)
 ParOldGen       total 87552K, used 12235K [0x0000000081c00000, 0x0000000087180000, 0x00000000d5f00000)
  object space 87552K, 13% used [0x0000000081c00000,0x00000000827f2ec8,0x0000000087180000)
 Metaspace       used 20808K, capacity 21166K, committed 21248K, reserved 1067008K
  class space    used 2659K, capacity 2801K, committed 2816K, reserved 1048576K
}
Event: 1.097 GC heap before
{Heap before GC invocations=4 (full 1):
 PSYoungGen      total 71680K, used 5089K [0x00000000d5f00000, 0x00000000deb00000, 0x0000000100000000)
  eden space 66560K, 0% used [0x00000000d5f00000,0x00000000d5f00000,0x00000000da000000)
  from space 5120K, 99% used [0x00000000da000000,0x00000000da4f8528,0x00000000da500000)
  to   space 5120K, 0% used [0x00000000de600000,0x00000000de600000,0x00000000deb00000)
 ParOldGen       total 87552K, used 12235K [0x0000000081c00000, 0x0000000087180000, 0x00000000d5f00000)
  object space 87552K, 13% used [0x0000000081c00000,0x00000000827f2ec8,0x0000000087180000)
 Metaspace       used 20808K, capacity 21166K, committed 21248K, reserved 1067008K
  class space    used 2659K, capacity 2801K, committed 2816K, reserved 1048576K
Event: 1.125 GC heap after
Heap after GC invocations=4 (full 1):
 PSYoungGen      total 71680K, used 0K [0x00000000d5f00000, 0x00000000deb00000, 0x0000000100000000)
  eden space 66560K, 0% used [0x00000000d5f00000,0x00000000d5f00000,0x00000000da000000)
  from space 5120K, 0% used [0x00000000da000000,0x00000000da000000,0x00000000da500000)
  to   space 5120K, 0% used [0x00000000de600000,0x00000000de600000,0x00000000deb00000)
 ParOldGen       total 68096K, used 9571K [0x0000000081c00000, 0x0000000085e80000, 0x00000000d5f00000)
  object space 68096K, 14% used [0x0000000081c00000,0x0000000082558d20,0x0000000085e80000)
 Metaspace       used 20808K, capacity 21166K, committed 21248K, reserved 1067008K
  class space    used 2659K, capacity 2801K, committed 2816K, reserved 1048576K
}
Event: 1.982 GC heap before
{Heap before GC invocations=5 (full 1):
 PSYoungGen      total 71680K, used 66560K [0x00000000d5f00000, 0x00000000deb00000, 0x0000000100000000)
  eden space 66560K, 100% used [0x00000000d5f00000,0x00000000da000000,0x00000000da000000)
  from space 5120K, 0% used [0x00000000da000000,0x00000000da000000,0x00000000da500000)
  to   space 5120K, 0% used [0x00000000de600000,0x00000000de600000,0x00000000deb00000)
 ParOldGen       total 68096K, used 9571K [0x0000000081c00000, 0x0000000085e80000, 0x00000000d5f00000)
  object space 68096K, 14% used [0x0000000081c00000,0x0000000082558d20,0x0000000085e80000)
 Metaspace       used 32215K, capacity 32694K, committed 32896K, reserved 1077248K
  class space    used 4069K, capacity 4215K, committed 4224K, reserved 1048576K
Event: 1.992 GC heap after
Heap after GC invocations=5 (full 1):
 PSYoungGen      total 98816K, used 5088K [0x00000000d5f00000, 0x00000000deb00000, 0x0000000100000000)
  eden space 93696K, 0% used [0x00000000d5f00000,0x00000000d5f00000,0x00000000dba80000)
  from space 5120K, 99% used [0x00000000de600000,0x00000000deaf8020,0x00000000deb00000)
  to   space 5120K, 0% used [0x00000000de100000,0x00000000de100000,0x00000000de600000)
 ParOldGen       total 68096K, used 22382K [0x0000000081c00000, 0x0000000085e80000, 0x00000000d5f00000)
  object space 68096K, 32% used [0x0000000081c00000,0x00000000831db9d0,0x0000000085e80000)
 Metaspace       used 32215K, capacity 32694K, committed 32896K, reserved 1077248K
  class space    used 4069K, capacity 4215K, committed 4224K, reserved 1048576K
}
Event: 2.380 GC heap before
{Heap before GC invocations=6 (full 1):
 PSYoungGen      total 98816K, used 55109K [0x00000000d5f00000, 0x00000000deb00000, 0x0000000100000000)
  eden space 93696K, 53% used [0x00000000d5f00000,0x00000000d8fd96a0,0x00000000dba80000)
  from space 5120K, 99% used [0x00000000de600000,0x00000000deaf8020,0x00000000deb00000)
  to   space 5120K, 0% used [0x00000000de100000,0x00000000de100000,0x00000000de600000)
 ParOldGen       total 68096K, used 22382K [0x0000000081c00000, 0x0000000085e80000, 0x00000000d5f00000)
  object space 68096K, 32% used [0x0000000081c00000,0x00000000831db9d0,0x0000000085e80000)
 Metaspace       used 34554K, capacity 35084K, committed 35416K, reserved 1081344K
  class space    used 4331K, capacity 4450K, committed 4480K, reserved 1048576K
Event: 2.391 GC heap after
Heap after GC invocations=6 (full 1):
 PSYoungGen      total 138240K, used 5088K [0x00000000d5f00000, 0x00000000e0b80000, 0x0000000100000000)
  eden space 133120K, 0% used [0x00000000d5f00000,0x00000000d5f00000,0x00000000de100000)
  from space 5120K, 99% used [0x00000000de100000,0x00000000de5f8020,0x00000000de600000)
  to   space 20992K, 0% used [0x00000000df700000,0x00000000df700000,0x00000000e0b80000)
 ParOldGen       total 68096K, used 35381K [0x0000000081c00000, 0x0000000085e80000, 0x00000000d5f00000)
  object space 68096K, 51% used [0x0000000081c00000,0x0000000083e8d650,0x0000000085e80000)
 Metaspace       used 34554K, capacity 35084K, committed 35416K, reserved 1081344K
  class space    used 4331K, capacity 4450K, committed 4480K, reserved 1048576K
}
Event: 2.391 GC heap before
{Heap before GC invocations=7 (full 2):
 PSYoungGen      total 138240K, used 5088K [0x00000000d5f00000, 0x00000000e0b80000, 0x0000000100000000)
  eden space 133120K, 0% used [0x00000000d5f00000,0x00000000d5f00000,0x00000000de100000)
  from space 5120K, 99% used [0x00000000de100000,0x00000000de5f8020,0x00000000de600000)
  to   space 20992K, 0% used [0x00000000df700000,0x00000000df700000,0x00000000e0b80000)
 ParOldGen       total 68096K, used 35381K [0x0000000081c00000, 0x0000000085e80000, 0x00000000d5f00000)
  object space 68096K, 51% used [0x0000000081c00000,0x0000000083e8d650,0x0000000085e80000)
 Metaspace       used 34554K, capacity 35084K, committed 35416K, reserved 1081344K
  class space    used 4331K, capacity 4450K, committed 4480K, reserved 1048576K
Event: 2.459 GC heap after
Heap after GC invocations=7 (full 2):
 PSYoungGen      total 138240K, used 0K [0x00000000d5f00000, 0x00000000e0b80000, 0x0000000100000000)
  eden space 133120K, 0% used [0x00000000d5f00000,0x00000000d5f00000,0x00000000de100000)
  from space 5120K, 0% used [0x00000000de100000,0x00000000de100000,0x00000000de600000)
  to   space 20992K, 0% used [0x00000000df700000,0x00000000df700000,0x00000000e0b80000)
 ParOldGen       total 129536K, used 25375K [0x0000000081c00000, 0x0000000089a80000, 0x00000000d5f00000)
  object space 129536K, 19% used [0x0000000081c00000,0x00000000834c7f28,0x0000000089a80000)
 Metaspace       used 34554K, capacity 35084K, committed 35416K, reserved 1081344K
  class space    used 4331K, capacity 4450K, committed 4480K, reserved 1048576K
}

Deoptimization events (10 events):
Event: 2.910 Thread 0x0000000004fe4000 Uncommon trap: reason=unstable_if action=reinterpret pc=0x000000000556d754 method=org.jetbrains.kotlin.protobuf.CodedInputStream.readRawVarint32()I @ 69
Event: 2.910 Thread 0x0000000004fe4000 Uncommon trap: reason=unstable_if action=reinterpret pc=0x00000000058463a4 method=org.jetbrains.kotlin.protobuf.CodedOutputStream.computeRawVarint32Size(I)I @ 14
Event: 3.132 Thread 0x0000000004fe4000 Uncommon trap: reason=unstable_if action=reinterpret pc=0x000000000567ccb4 method=org.jetbrains.kotlin.com.intellij.lang.impl.PsiBuilderImpl.skipWhitespace()V @ 8
Event: 3.226 Thread 0x0000000004fe4000 Uncommon trap: reason=class_check action=maybe_recompile pc=0x0000000005d0a7a4 method=org.jetbrains.kotlin.com.intellij.psi.impl.source.tree.TreeElement.rawRemoveUpToWithoutNotifications(Lorg/jetbrains/kotlin/com/intellij/psi/impl/source/tree/TreeElement;
Event: 3.226 Thread 0x0000000004fe4000 Uncommon trap: reason=bimorphic action=maybe_recompile pc=0x0000000005d03d9c method=org.jetbrains.kotlin.com.intellij.psi.impl.source.tree.SharedImplUtil.findFileElement(Lorg/jetbrains/kotlin/com/intellij/lang/ASTNode;)Lorg/jetbrains/kotlin/com/intellij/l
Event: 3.226 Thread 0x0000000004fe4000 Uncommon trap: reason=bimorphic action=maybe_recompile pc=0x0000000005d03d9c method=org.jetbrains.kotlin.com.intellij.psi.impl.source.tree.SharedImplUtil.findFileElement(Lorg/jetbrains/kotlin/com/intellij/lang/ASTNode;)Lorg/jetbrains/kotlin/com/intellij/l
Event: 3.226 Thread 0x0000000004fe4000 Uncommon trap: reason=bimorphic action=maybe_recompile pc=0x0000000005d03d9c method=org.jetbrains.kotlin.com.intellij.psi.impl.source.tree.SharedImplUtil.findFileElement(Lorg/jetbrains/kotlin/com/intellij/lang/ASTNode;)Lorg/jetbrains/kotlin/com/intellij/l
Event: 3.226 Thread 0x0000000004fe4000 Uncommon trap: reason=bimorphic action=maybe_recompile pc=0x0000000005d03d9c method=org.jetbrains.kotlin.com.intellij.psi.impl.source.tree.SharedImplUtil.findFileElement(Lorg/jetbrains/kotlin/com/intellij/lang/ASTNode;)Lorg/jetbrains/kotlin/com/intellij/l
Event: 3.252 Thread 0x0000000004fe4000 Uncommon trap: reason=class_check action=maybe_recompile pc=0x0000000005b03674 method=java.util.AbstractList.hashCode()I @ 36
Event: 3.253 Thread 0x0000000004fe4000 Uncommon trap: reason=class_check action=maybe_recompile pc=0x0000000005b03674 method=java.util.AbstractList.hashCode()I @ 36

Classes redefined (0 events):
No events

Internal exceptions (10 events):
Event: 0.811 Thread 0x0000000004fe4000 Exception <a 'java/lang/ArrayIndexOutOfBoundsException': 60> (0x00000000d7929a20) thrown at [D:\src\AOSP-openjdk-cygwin\jdk8u\hotspot\src\share\vm\interpreter\interpreterRuntime.cpp, line 366]
Event: 0.911 Thread 0x0000000004fe4000 Exception <a 'java/lang/NoSuchMethodError': java.lang.Object.lambda$static$0(I)[Lorg/jetbrains/kotlin/com/intellij/openapi/editor/event/DocumentListener;> (0x00000000d609de80) thrown at [D:\src\AOSP-openjdk-cygwin\jdk8u\hotspot\src\share\vm\interpreter\li
Event: 0.929 Thread 0x0000000004fe4000 Exception <a 'java/lang/NoSuchMethodError': java.lang.Object.lambda$static$0(I)[Lorg/jetbrains/kotlin/com/intellij/psi/PsiAnnotation;> (0x00000000d627b988) thrown at [D:\src\AOSP-openjdk-cygwin\jdk8u\hotspot\src\share\vm\interpreter\linkResolver.cpp, line
Event: 1.675 Thread 0x0000000004fe4000 Exception <a 'java/lang/NoSuchMethodError': java.lang.Object.lambda$static$0(I)[Lorg/jetbrains/kotlin/psi/KtExpression;> (0x00000000d8a97668) thrown at [D:\src\AOSP-openjdk-cygwin\jdk8u\hotspot\src\share\vm\interpreter\linkResolver.cpp, line 584]
Event: 1.744 Thread 0x0000000004fe4000 Exception <a 'java/lang/NoSuchMethodError': java.lang.Object.lambda$static$0(I)[Lorg/jetbrains/kotlin/com/intellij/psi/PsiElement;> (0x00000000d8d97ee0) thrown at [D:\src\AOSP-openjdk-cygwin\jdk8u\hotspot\src\share\vm\interpreter\linkResolver.cpp, line 58
Event: 1.750 Thread 0x0000000004fe4000 Exception <a 'java/lang/NoSuchMethodError': java.lang.Object.lambda$static$0(I)[Lorg/jetbrains/kotlin/psi/KtDeclaration;> (0x00000000d8df4a38) thrown at [D:\src\AOSP-openjdk-cygwin\jdk8u\hotspot\src\share\vm\interpreter\linkResolver.cpp, line 584]
Event: 1.864 Thread 0x0000000004fe4000 Exception <a 'java/lang/NoSuchMethodError': java.lang.Object.lambda$static$0(I)[Lorg/jetbrains/kotlin/psi/KtTypeElement;> (0x00000000d9657a48) thrown at [D:\src\AOSP-openjdk-cygwin\jdk8u\hotspot\src\share\vm\interpreter\linkResolver.cpp, line 584]
Event: 1.962 Thread 0x0000000004fe4000 Exception <a 'java/lang/NoSuchMethodError': java.lang.Object.lambda$static$0(I)[Lorg/jetbrains/kotlin/com/intellij/psi/PsiClass;> (0x00000000d9e78868) thrown at [D:\src\AOSP-openjdk-cygwin\jdk8u\hotspot\src\share\vm\interpreter\linkResolver.cpp, line 584]
Event: 3.150 Thread 0x0000000004fe4000 Exception <a 'java/lang/NoSuchMethodError': java.lang.Object.lambda$static$0(I)[Lorg/jetbrains/kotlin/com/intellij/psi/PsiTypeElement;> (0x00000000d8e40c78) thrown at [D:\src\AOSP-openjdk-cygwin\jdk8u\hotspot\src\share\vm\interpreter\linkResolver.cpp, lin
Event: 3.247 Thread 0x0000000004fe4000 Exception <a 'java/lang/NoSuchMethodError': java.lang.Object.lambda$static$0(I)[Lorg/jetbrains/kotlin/com/intellij/psi/PsiTypeParameter;> (0x00000000d919d918) thrown at [D:\src\AOSP-openjdk-cygwin\jdk8u\hotspot\src\share\vm\interpreter\linkResolver.cpp, l

Events (10 events):
Event: 3.271 loading class org/jetbrains/kotlin/resolve/calls/tower/WrongResolutionToClassifier$7
Event: 3.271 loading class org/jetbrains/kotlin/resolve/calls/tower/WrongResolutionToClassifier$7 done
Event: 3.271 loading class org/jetbrains/kotlin/resolve/calls/tower/WrongResolutionToClassifier$8
Event: 3.271 loading class org/jetbrains/kotlin/resolve/calls/tower/WrongResolutionToClassifier$8 done
Event: 3.271 loading class org/jetbrains/kotlin/resolve/calls/tower/ErrorCandidate$Classifier
Event: 3.271 loading class org/jetbrains/kotlin/resolve/calls/tower/ErrorCandidate$Classifier done
Event: 3.271 loading class org/jetbrains/kotlin/resolve/calls/tower/ErrorCandidate
Event: 3.271 loading class org/jetbrains/kotlin/resolve/calls/tower/ErrorCandidate done
Event: 3.272 loading class org/jetbrains/kotlin/diagnostics/DiagnosticWithParameters3
Event: 3.272 loading class org/jetbrains/kotlin/diagnostics/DiagnosticWithParameters3 done


Dynamic libraries:
0x00007ff7f2fd0000 - 0x00007ff7f3001000 	C:\Program Files\Android\Android Studio\jre\jre\bin\java.exe
0x00007ffe71850000 - 0x00007ffe71a30000 	C:\WINDOWS\SYSTEM32\ntdll.dll
0x00007ffe6f300000 - 0x00007ffe6f3ae000 	C:\WINDOWS\System32\KERNEL32.DLL
0x00007ffe6e9b0000 - 0x00007ffe6ec16000 	C:\WINDOWS\System32\KERNELBASE.dll
0x00007ffe70ff0000 - 0x00007ffe71091000 	C:\WINDOWS\System32\ADVAPI32.dll
0x00007ffe711a0000 - 0x00007ffe7123d000 	C:\WINDOWS\System32\msvcrt.dll
0x00007ffe6f800000 - 0x00007ffe6f85b000 	C:\WINDOWS\System32\sechost.dll
0x00007ffe6ed30000 - 0x00007ffe6ee4f000 	C:\WINDOWS\System32\RPCRT4.dll
0x00007ffe713d0000 - 0x00007ffe7155f000 	C:\WINDOWS\System32\USER32.dll
0x00007ffe6dfc0000 - 0x00007ffe6dfe0000 	C:\WINDOWS\System32\win32u.dll
0x00007ffe70fc0000 - 0x00007ffe70fe8000 	C:\WINDOWS\System32\GDI32.dll
0x00007ffe6dc50000 - 0x00007ffe6dde3000 	C:\WINDOWS\System32\gdi32full.dll
0x00007ffe6e730000 - 0x00007ffe6e7cb000 	C:\WINDOWS\System32\msvcp_win.dll
0x00007ffe6ec20000 - 0x00007ffe6ed16000 	C:\WINDOWS\System32\ucrtbase.dll
0x00007ffe617c0000 - 0x00007ffe61a29000 	C:\WINDOWS\WinSxS\amd64_microsoft.windows.common-controls_6595b64144ccf1df_6.0.16299.309_none_15cfd4c4935e6b11\COMCTL32.dll
0x00007ffe70cb0000 - 0x00007ffe70fb8000 	C:\WINDOWS\System32\combase.dll
0x00007ffe6e830000 - 0x00007ffe6e8a2000 	C:\WINDOWS\System32\bcryptPrimitives.dll
0x00007ffe6f7d0000 - 0x00007ffe6f7fd000 	C:\WINDOWS\System32\IMM32.DLL
0x0000000066590000 - 0x0000000066662000 	C:\Program Files\Android\Android Studio\jre\jre\bin\msvcr100.dll
0x0000000066670000 - 0x0000000066eaf000 	C:\Program Files\Android\Android Studio\jre\jre\bin\server\jvm.dll
0x00007ffe70ca0000 - 0x00007ffe70ca8000 	C:\WINDOWS\System32\PSAPI.DLL
0x00007ffe661a0000 - 0x00007ffe661a9000 	C:\WINDOWS\SYSTEM32\WSOCK32.dll
0x00007ffe69e70000 - 0x00007ffe69e93000 	C:\WINDOWS\SYSTEM32\WINMM.dll
0x00007ffe65650000 - 0x00007ffe6565a000 	C:\WINDOWS\SYSTEM32\VERSION.dll
0x00007ffe71240000 - 0x00007ffe712ac000 	C:\WINDOWS\System32\WS2_32.dll
0x00007ffe69e10000 - 0x00007ffe69e3a000 	C:\WINDOWS\SYSTEM32\winmmbase.dll
0x00007ffe6e960000 - 0x00007ffe6e9aa000 	C:\WINDOWS\System32\cfgmgr32.dll
0x00007ffe66130000 - 0x00007ffe6613f000 	C:\Program Files\Android\Android Studio\jre\jre\bin\verify.dll
0x00007ffe65750000 - 0x00007ffe65779000 	C:\Program Files\Android\Android Studio\jre\jre\bin\java.dll
0x00007ffe65730000 - 0x00007ffe65746000 	C:\Program Files\Android\Android Studio\jre\jre\bin\zip.dll
0x00007ffe6f860000 - 0x00007ffe70c96000 	C:\WINDOWS\System32\SHELL32.dll
0x00007ffe6f3b0000 - 0x00007ffe6f456000 	C:\WINDOWS\System32\shcore.dll
0x00007ffe6dfe0000 - 0x00007ffe6e727000 	C:\WINDOWS\System32\windows.storage.dll
0x00007ffe6f2a0000 - 0x00007ffe6f2f1000 	C:\WINDOWS\System32\shlwapi.dll
0x00007ffe6dc30000 - 0x00007ffe6dc41000 	C:\WINDOWS\System32\kernel.appcore.dll
0x00007ffe6dba0000 - 0x00007ffe6dbec000 	C:\WINDOWS\System32\powrprof.dll
0x00007ffe6dc10000 - 0x00007ffe6dc2b000 	C:\WINDOWS\System32\profapi.dll
0x00007ffe63bc0000 - 0x00007ffe63bda000 	C:\Program Files\Android\Android Studio\jre\jre\bin\net.dll
0x00007ffe6d430000 - 0x00007ffe6d496000 	C:\WINDOWS\system32\mswsock.dll
0x00007ffe63ba0000 - 0x00007ffe63bb1000 	C:\Program Files\Android\Android Studio\jre\jre\bin\nio.dll

VM Arguments:
java_command: org.jetbrains.kotlin.cli.jvm.K2JVMCompiler -Xadd-compiler-builtins -Xbuild-file=C:\Users\Artiom\AppData\Local\Temp\kjps7147100524740059935app_debug.script.xml -classpath C:\Users\Artiom\.gradle\caches\modules-2\files-2.1\org.jetbrains.kotlin\kotlin-stdlib-jre7\1.2.30\b38fc19e670ebef931fef3ccdcb94eac2b65bb7d\kotlin-stdlib-jre7-1.2.30.jar;C:\Users\Artiom\.gradle\caches\transforms-1\files-1.1\appcompat-v7-27.1.1.aar\739bb2761932ad02a851cecd0d36b793\jars\classes.jar;C:\Users\Artiom\.gradle\caches\transforms-1\files-1.1\play-services-maps-12.0.1.aar\4f25cf16ffb1886be06cdd890d1a365b\jars\classes.jar;C:\Users\Artiom\.gradle\caches\modules-2\files-2.1\org.jetbrains.kotlin\kotlin-stdlib\1.2.30\2dfac33f8b4e92c9dd1422cd286834701a6f6d6\kotlin-stdlib-1.2.30.jar;C:\Users\Artiom\.gradle\caches\transforms-1\files-1.1\animated-vector-drawable-27.1.1.aar\b67925e112fc17b7f23376f65e7722ec\jars\classes.jar;C:\Users\Artiom\.gradle\caches\transforms-1\files-1.1\support-vector-drawable-27.1.1.aar\1fdd4d2e62a119954f996b8bc6bc762e\jars\classes.jar;C:\Users\Artiom\.gradle\caches\transforms-1\files-1.1\play-services-base-12.0.1.aar\88cd31a22c5c52e4759626fa31dd3adc\jars\classes.jar;C:\Users\Artiom\.gradle\caches\transforms-1\files-1.1\play-services-tasks-12.0.1.aar\8fbf114d91e258814122fd912f7ea90c\jars\classes.jar;C:\Users\Artiom\.gradle\caches\transforms-1\files-1.1\play-services-basement-12.0.1.aar\b720943f6d697a49caaf47698c80fd7f\jars\classes.jar;C:\Users\Artiom\.gradle\caches\transforms-1\files-1.1\support-v4-26.1.0.aar\b9dbab5ca23b75a218fa72da612a20bf\jars\classes.jar;C:\Users\Artiom\.gradle\caches\transforms-1\files-1.1\support-media-compat-26.1.0.aar\1d3a1fc6037dad7c77d9d68b5c742d70\jars\classes.jar;C:\Users\Artiom\.gradle\caches\transforms-1\files-1.1\support-fragment-27.1.1.aar\ce6c0f080f9ccbef1dd5be3bd061d7b1\jars\classes.jar;C:\Users\Artiom\.gradle\caches\transforms-1\files-1.1\support-core-ui-27.1.1.aar\10faf23817f2e82aca8763fab8595117\jars\classes.jar;C:\Users\Artio
java_class_path (initial): C:\Users\Artiom\.gradle\caches\modules-2\files-2.1\org.jetbrains.kotlin\kotlin-compiler-embeddable\1.2.30\9b3f10d4717b9ac238b287e9b6eb2b4eadd8e870\kotlin-compiler-embeddable-1.2.30.jar;C:\Users\Artiom\.gradle\caches\modules-2\files-2.1\org.jetbrains.kotlin\kotlin-stdlib\1.2.30\2dfac33f8b4e92c9dd1422cd286834701a6f6d6\kotlin-stdlib-1.2.30.jar;C:\Users\Artiom\.gradle\caches\modules-2\files-2.1\org.jetbrains.kotlin\kotlin-script-runtime\1.2.30\37ee7531a636e99b639f8b1544cdda27d0ee30b0\kotlin-script-runtime-1.2.30.jar;C:\Users\Artiom\.gradle\caches\modules-2\files-2.1\org.jetbrains.kotlin\kotlin-reflect\1.2.30\9758025a415ee400e1f90ff222bcfec247779133\kotlin-reflect-1.2.30.jar;C:\Program Files\Android\Android Studio\jre\lib\tools.jar
Launcher Type: SUN_STANDARD

Environment Variables:
JAVA_HOME=C:\Program Files\Java\jdk1.8.0_102\
PATH=C:\ProgramData\Oracle\Java\javapath;C:\PROGRA~2\Borland\CBUILD~1\Bin;C:\PROGRA~2\Borland\CBUILD~1\Projects\Bpl;C:\Program Files\Java\jdk1.8.0_102\bin;C:\Program Files\Microsoft SQL Server\130\Tools\Binn\;C:\Program Files (x86)\Skype\Phone\;C:\Program Files\MATLAB\R2012b\runtime\win64;C:\Program Files\MATLAB\R2012b\bin;C:\Program Files\MATLAB\R2007b\bin;C:\Program Files\MATLAB\R2007b\bin\win64;C:\MATLAB7\bin\win32;C:\Program Files\MATLAB\MATLAB Production Server\R2014a\runtime\win64;C:\Program Files\MATLAB\MATLAB Production Server\R2014a\bin;C:\Program Files\MATLAB\R2014a\runtime\win64;C:\Program Files\MATLAB\R2014a\bin;C:\Program Files\MATLAB\R2014a\polyspace\bin;C:\Program Files\MATLAB\MATLAB Production Server\R2014a\polyspace\bin;C:\Program Files (x86)\NVIDIA Corporation\PhysX\Common;C:\Program Files\nodejs\;C:\Program Files\Git\cmd;C:\WINDOWS\system32;C:\WINDOWS;C:\WINDOWS\System32\Wbem;C:\WINDOWS\System32\WindowsPowerShell\v1.0\;C:\Program Files\Microsoft SQL Server\Client SDK\ODBC\130\Tools\Binn\;C:\Program Files (x86)\Microsoft SQL Server\140\Tools\Binn\;C:\Program Files\Microsoft SQL Server\140\Tools\Binn\;C:\Program Files\Microsoft SQL Server\140\DTS\Binn\;C:\Program Files (x86)\Microsoft SQL Server\Client SDK\ODBC\130\Tools\Binn\;C:\Program Files (x86)\Microsoft SQL Server\140\DTS\Binn\;C:\Program Files (x86)\Microsoft SQL Server\140\Tools\Binn\ManagementStudio\;C:\Users\Artiom\AppData\Local\Microsoft\WindowsApps;C:\Users\Artiom\AppData\Roaming\npm;
USERNAME=Artiom
OS=Windows_NT
PROCESSOR_IDENTIFIER=Intel64 Family 6 Model 60 Stepping 3, GenuineIntel



---------------  S Y S T E M  ---------------

OS: Windows 10.0 , 64 bit Build 16299 (10.0.16299.15)

CPU:total 8 (initial active 8) (4 cores per cpu, 2 threads per core) family 6 model 60 stepping 3, cmov, cx8, fxsr, mmx, sse, sse2, sse3, ssse3, sse4.1, sse4.2, popcnt, avx, avx2, aes, clmul, erms, lzcnt, ht, tsc, tscinvbit, bmi1, bmi2

Memory: 4k page, physical 8268852k(910028k free), swap 8268852k(3232k free)

vm_info: OpenJDK 64-Bit Server VM (25.152-b02) for windows-amd64 JRE (1.8.0_152-release-1024-b02), built by "builder" with MS VC++ 10.0 (VS2010)

time: Wed Apr 11 16:35:20 2018
elapsed time: 3 seconds (0d 0h 0m 3s)

