#
# There is insufficient memory for the Java Runtime Environment to continue.
# Native memory allocation (malloc) failed to allocate 918736 bytes for Chunk::new
# Possible reasons:
#   The system is out of physical RAM or swap space
#   In 32 bit mode, the process size limit was hit
# Possible solutions:
#   Reduce memory load on the system
#   Increase physical memory or swap space
#   Check if swap backing store is full
#   Use 64 bit Java on a 64 bit OS
#   Decrease Java heap size (-Xmx/-Xms)
#   Decrease number of Java threads
#   Decrease Java thread stack sizes (-Xss)
#   Set larger code cache with -XX:ReservedCodeCacheSize=
# This output file may be truncated or incomplete.
#
#  Out of Memory Error (allocation.cpp:390), pid=3604, tid=0x00000000000007f8
#
# JRE version: OpenJDK Runtime Environment (8.0_152-b02) (build 1.8.0_152-release-1024-b02)
# Java VM: OpenJDK 64-Bit Server VM (25.152-b02 mixed mode windows-amd64 compressed oops)
# Failed to write core dump. Minidumps are not enabled by default on client versions of Windows
#

---------------  T H R E A D  ---------------

Current thread (0x000000001b06c800):  JavaThread "C2 CompilerThread2" daemon [_thread_in_native, id=2040, stack(0x000000001ba40000,0x000000001bb40000)]

Stack: [0x000000001ba40000,0x000000001bb40000]
[error occurred during error reporting (printing stack bounds), id 0xc0000005]

Native frames: (J=compiled Java code, j=interpreted, Vv=VM code, C=native code)


Current CompileTask:
C2: 471287 7636       4       org.jetbrains.kotlin.protobuf.AbstractMessageLite::writeDelimitedTo (40 bytes)


---------------  P R O C E S S  ---------------

Java Threads: ( => current thread )
  0x000000002169c000 JavaThread "RMI RenewClean-[localhost:53674,org.jetbrains.kotlin.daemon.common.LoopbackNetworkInterface$ClientLoopbackSocketFactory@6bb3635c]" daemon [_thread_blocked, id=5220, stack(0x0000000025100000,0x0000000025200000)]
  0x000000001c135000 JavaThread "RMI TCP Connection(8)-127.0.0.1" daemon [_thread_in_Java, id=9108, stack(0x0000000025000000,0x0000000025100000)]
  0x000000001b424000 JavaThread "RMI TCP Connection(7)-127.0.0.1" daemon [_thread_in_native, id=6668, stack(0x0000000024f00000,0x0000000025000000)]
  0x000000001d7a2800 JavaThread "RMI RenewClean-[localhost:53674,org.jetbrains.kotlin.daemon.common.LoopbackNetworkInterface$ClientLoopbackSocketFactory@1023e9e4]" daemon [_thread_blocked, id=7796, stack(0x0000000024e00000,0x0000000024f00000)]
  0x000000001c13d800 JavaThread "RMI RenewClean-[localhost:53674,org.jetbrains.kotlin.daemon.common.LoopbackNetworkInterface$ClientLoopbackSocketFactory@ed4674b]" daemon [_thread_blocked, id=6100, stack(0x000000001d5c0000,0x000000001d6c0000)]
  0x000000001c131800 JavaThread "RMI Scheduler(0)" daemon [_thread_blocked, id=220, stack(0x000000001d2c0000,0x000000001d3c0000)]
  0x00000000052b2800 JavaThread "DestroyJavaVM" [_thread_blocked, id=1832, stack(0x00000000051b0000,0x00000000052b0000)]
  0x000000001c0f8800 JavaThread "GC Daemon" daemon [_thread_blocked, id=6336, stack(0x000000001cd80000,0x000000001ce80000)]
  0x000000001c0ee800 JavaThread "RMI Reaper" [_thread_blocked, id=3412, stack(0x000000001cc80000,0x000000001cd80000)]
  0x000000001bfa3000 JavaThread "Timer-0" daemon [_thread_blocked, id=9308, stack(0x000000001ca80000,0x000000001cb80000)]
  0x000000001bfa2800 JavaThread "RMI TCP Accept-17897" daemon [_thread_in_native, id=7220, stack(0x000000001c980000,0x000000001ca80000)]
  0x000000001b10a800 JavaThread "Service Thread" daemon [_thread_blocked, id=10368, stack(0x000000001bc40000,0x000000001bd40000)]
  0x000000001b071000 JavaThread "C1 CompilerThread3" daemon [_thread_in_vm, id=5860, stack(0x000000001bb40000,0x000000001bc40000)]
=>0x000000001b06c800 JavaThread "C2 CompilerThread2" daemon [_thread_in_native, id=2040, stack(0x000000001ba40000,0x000000001bb40000)]
  0x000000001b06b800 JavaThread "C2 CompilerThread1" daemon [_thread_in_native, id=9832, stack(0x000000001b940000,0x000000001ba40000)]
  0x000000001b068800 JavaThread "C2 CompilerThread0" daemon [_thread_in_native, id=3180, stack(0x000000001b840000,0x000000001b940000)]
  0x000000001b067800 JavaThread "Attach Listener" daemon [_thread_blocked, id=5836, stack(0x000000001b740000,0x000000001b840000)]
  0x000000001b066800 JavaThread "Signal Dispatcher" daemon [_thread_blocked, id=9780, stack(0x000000001b640000,0x000000001b740000)]
  0x000000001b060800 JavaThread "Finalizer" daemon [_thread_blocked, id=10832, stack(0x000000001b440000,0x000000001b540000)]
  0x00000000053a8000 JavaThread "Reference Handler" daemon [_thread_blocked, id=5620, stack(0x000000001af40000,0x000000001b040000)]

Other Threads:
  0x0000000019165000 VMThread [stack: 0x000000001ae40000,0x000000001af40000] [id=9540]
  0x000000001b10b800 WatcherThread [stack: 0x000000001bd40000,0x000000001be40000] [id=11176]

VM state:not at safepoint (normal execution)

VM Mutex/Monitor currently owned by a thread: None

Heap:
 PSYoungGen      total 121344K, used 64578K [0x00000000e0000000, 0x00000000eb780000, 0x0000000100000000)
  eden space 82432K, 35% used [0x00000000e0000000,0x00000000e1cc55f0,0x00000000e5080000)
  from space 38912K, 90% used [0x00000000e5080000,0x00000000e72cb430,0x00000000e7680000)
  to   space 43520K, 0% used [0x00000000e8d00000,0x00000000e8d00000,0x00000000eb780000)
 ParOldGen       total 112128K, used 44742K [0x00000000a0000000, 0x00000000a6d80000, 0x00000000e0000000)
  object space 112128K, 39% used [0x00000000a0000000,0x00000000a2bb1a18,0x00000000a6d80000)
 Metaspace       used 53035K, capacity 53961K, committed 54272K, reserved 1097728K
  class space    used 6384K, capacity 6636K, committed 6656K, reserved 1048576K

Card table byte_map: [0x0000000014770000,0x0000000014a80000] byte_map_base: 0x0000000014270000

Marking Bits: (ParMarkBitMap*) 0x0000000066e34970
 Begin Bits: [0x0000000015480000, 0x0000000016c80000)
 End Bits:   [0x0000000016c80000, 0x0000000018480000)

Polling page: 0x00000000033f0000

CodeCache: size=245760Kb used=21505Kb max_used=21693Kb free=224254Kb
 bounds [0x00000000053b0000, 0x0000000006900000, 0x00000000143b0000]
 total_blobs=7164 nmethods=6644 adapters=432
 compilation: enabled

Compilation events (10 events):
Event: 471.130 Thread 0x000000001b071000 7695       3       org.jetbrains.kotlin.resolve.scopes.LexicalScopeStorage::getContributedClassifier (33 bytes)
Event: 471.131 Thread 0x000000001b071000 nmethod 7695 0x0000000005a6be10 code [0x0000000005a6bfc0, 0x0000000005a6c568]
Event: 471.131 Thread 0x000000001b071000 7696       3       org.jetbrains.kotlin.load.java.structure.impl.classFiles.BinaryClassSignatureParser::parseClassifierRefSignature (64 bytes)
Event: 471.132 Thread 0x000000001b071000 nmethod 7696 0x000000000638d510 code [0x000000000638d6e0, 0x000000000638db48]
Event: 471.132 Thread 0x000000001b071000 7697       3       org.jetbrains.kotlin.serialization.deserialization.ProtoContainer::<init> (8 bytes)
Event: 471.132 Thread 0x000000001b071000 nmethod 7697 0x0000000005a6b950 code [0x0000000005a6bac0, 0x0000000005a6bd10]
Event: 471.132 Thread 0x000000001b071000 7698       3       org.jetbrains.kotlin.serialization.deserialization.ProtoContainer::<init> (20 bytes)
Event: 471.133 Thread 0x000000001b071000 nmethod 7698 0x0000000005a8f490 code [0x0000000005a8f5e0, 0x0000000005a8f7d0]
Event: 471.133 Thread 0x000000001b071000 7702       3       org.jetbrains.kotlin.load.java.components.DescriptorResolverUtils::isObjectMethod (58 bytes)
Event: 471.133 Thread 0x000000001b071000 nmethod 7702 0x00000000064f8cd0 code [0x00000000064f8ea0, 0x00000000064f95e8]

GC Heap History (10 events):
Event: 3.380 GC heap before
{Heap before GC invocations=10 (full 3):
 PSYoungGen      total 57856K, used 55296K [0x00000000e0000000, 0x00000000e7800000, 0x0000000100000000)
  eden space 55296K, 100% used [0x00000000e0000000,0x00000000e3600000,0x00000000e3600000)
  from space 2560K, 0% used [0x00000000e4600000,0x00000000e4600000,0x00000000e4880000)
  to   space 16384K, 0% used [0x00000000e3600000,0x00000000e3600000,0x00000000e4600000)
 ParOldGen       total 112128K, used 13856K [0x00000000a0000000, 0x00000000a6d80000, 0x00000000e0000000)
  object space 112128K, 12% used [0x00000000a0000000,0x00000000a0d88218,0x00000000a6d80000)
 Metaspace       used 38734K, capacity 39326K, committed 39680K, reserved 1083392K
  class space    used 4857K, capacity 5027K, committed 5120K, reserved 1048576K
Event: 3.389 GC heap after
Heap after GC invocations=10 (full 3):
 PSYoungGen      total 71680K, used 15869K [0x00000000e0000000, 0x00000000e6e80000, 0x0000000100000000)
  eden space 55296K, 0% used [0x00000000e0000000,0x00000000e0000000,0x00000000e3600000)
  from space 16384K, 96% used [0x00000000e3600000,0x00000000e457f408,0x00000000e4600000)
  to   space 18944K, 0% used [0x00000000e5c00000,0x00000000e5c00000,0x00000000e6e80000)
 ParOldGen       total 112128K, used 13864K [0x00000000a0000000, 0x00000000a6d80000, 0x00000000e0000000)
  object space 112128K, 12% used [0x00000000a0000000,0x00000000a0d8a218,0x00000000a6d80000)
 Metaspace       used 38734K, capacity 39326K, committed 39680K, reserved 1083392K
  class space    used 4857K, capacity 5027K, committed 5120K, reserved 1048576K
}
Event: 4.097 GC heap before
{Heap before GC invocations=11 (full 3):
 PSYoungGen      total 71680K, used 71165K [0x00000000e0000000, 0x00000000e6e80000, 0x0000000100000000)
  eden space 55296K, 100% used [0x00000000e0000000,0x00000000e3600000,0x00000000e3600000)
  from space 16384K, 96% used [0x00000000e3600000,0x00000000e457f408,0x00000000e4600000)
  to   space 18944K, 0% used [0x00000000e5c00000,0x00000000e5c00000,0x00000000e6e80000)
 ParOldGen       total 112128K, used 13864K [0x00000000a0000000, 0x00000000a6d80000, 0x00000000e0000000)
  object space 112128K, 12% used [0x00000000a0000000,0x00000000a0d8a218,0x00000000a6d80000)
 Metaspace       used 43087K, capacity 43738K, committed 44032K, reserved 1087488K
  class space    used 5403K, capacity 5605K, committed 5632K, reserved 1048576K
Event: 4.110 GC heap after
Heap after GC invocations=11 (full 3):
 PSYoungGen      total 89088K, used 18941K [0x00000000e0000000, 0x00000000e7880000, 0x0000000100000000)
  eden space 70144K, 0% used [0x00000000e0000000,0x00000000e0000000,0x00000000e4480000)
  from space 18944K, 99% used [0x00000000e5c00000,0x00000000e6e7f580,0x00000000e6e80000)
  to   space 24064K, 0% used [0x00000000e4480000,0x00000000e4480000,0x00000000e5c00000)
 ParOldGen       total 112128K, used 18717K [0x00000000a0000000, 0x00000000a6d80000, 0x00000000e0000000)
  object space 112128K, 16% used [0x00000000a0000000,0x00000000a1247688,0x00000000a6d80000)
 Metaspace       used 43087K, capacity 43738K, committed 44032K, reserved 1087488K
  class space    used 5403K, capacity 5605K, committed 5632K, reserved 1048576K
}
Event: 61.044 GC heap before
{Heap before GC invocations=12 (full 3):
 PSYoungGen      total 89088K, used 89085K [0x00000000e0000000, 0x00000000e7880000, 0x0000000100000000)
  eden space 70144K, 100% used [0x00000000e0000000,0x00000000e4480000,0x00000000e4480000)
  from space 18944K, 99% used [0x00000000e5c00000,0x00000000e6e7f580,0x00000000e6e80000)
  to   space 24064K, 0% used [0x00000000e4480000,0x00000000e4480000,0x00000000e5c00000)
 ParOldGen       total 112128K, used 18717K [0x00000000a0000000, 0x00000000a6d80000, 0x00000000e0000000)
  object space 112128K, 16% used [0x00000000a0000000,0x00000000a1247688,0x00000000a6d80000)
 Metaspace       used 50787K, capacity 51593K, committed 52096K, reserved 1095680K
  class space    used 6236K, capacity 6440K, committed 6528K, reserved 1048576K
Event: 61.060 GC heap after
Heap after GC invocations=12 (full 3):
 PSYoungGen      total 94208K, used 24041K [0x00000000e0000000, 0x00000000e9400000, 0x0000000100000000)
  eden space 70144K, 0% used [0x00000000e0000000,0x00000000e0000000,0x00000000e4480000)
  from space 24064K, 99% used [0x00000000e4480000,0x00000000e5bfa510,0x00000000e5c00000)
  to   space 30208K, 0% used [0x00000000e7680000,0x00000000e7680000,0x00000000e9400000)
 ParOldGen       total 112128K, used 24740K [0x00000000a0000000, 0x00000000a6d80000, 0x00000000e0000000)
  object space 112128K, 22% used [0x00000000a0000000,0x00000000a1829348,0x00000000a6d80000)
 Metaspace       used 50787K, capacity 51593K, committed 52096K, reserved 1095680K
  class space    used 6236K, capacity 6440K, committed 6528K, reserved 1048576K
}
Event: 61.562 GC heap before
{Heap before GC invocations=13 (full 3):
 PSYoungGen      total 94208K, used 94185K [0x00000000e0000000, 0x00000000e9400000, 0x0000000100000000)
  eden space 70144K, 100% used [0x00000000e0000000,0x00000000e4480000,0x00000000e4480000)
  from space 24064K, 99% used [0x00000000e4480000,0x00000000e5bfa510,0x00000000e5c00000)
  to   space 30208K, 0% used [0x00000000e7680000,0x00000000e7680000,0x00000000e9400000)
 ParOldGen       total 112128K, used 24740K [0x00000000a0000000, 0x00000000a6d80000, 0x00000000e0000000)
  object space 112128K, 22% used [0x00000000a0000000,0x00000000a1829348,0x00000000a6d80000)
 Metaspace       used 51355K, capacity 52247K, committed 52608K, reserved 1095680K
  class space    used 6269K, capacity 6483K, committed 6528K, reserved 1048576K
Event: 61.593 GC heap after
Heap after GC invocations=13 (full 3):
 PSYoungGen      total 112640K, used 30199K [0x00000000e0000000, 0x00000000ea280000, 0x0000000100000000)
  eden space 82432K, 0% used [0x00000000e0000000,0x00000000e0000000,0x00000000e5080000)
  from space 30208K, 99% used [0x00000000e7680000,0x00000000e93fdeb8,0x00000000e9400000)
  to   space 38912K, 0% used [0x00000000e5080000,0x00000000e5080000,0x00000000e7680000)
 ParOldGen       total 112128K, used 35413K [0x00000000a0000000, 0x00000000a6d80000, 0x00000000e0000000)
  object space 112128K, 31% used [0x00000000a0000000,0x00000000a2295790,0x00000000a6d80000)
 Metaspace       used 51355K, capacity 52247K, committed 52608K, reserved 1095680K
  class space    used 6269K, capacity 6483K, committed 6528K, reserved 1048576K
}
Event: 471.027 GC heap before
{Heap before GC invocations=14 (full 3):
 PSYoungGen      total 112640K, used 112631K [0x00000000e0000000, 0x00000000ea280000, 0x0000000100000000)
  eden space 82432K, 100% used [0x00000000e0000000,0x00000000e5080000,0x00000000e5080000)
  from space 30208K, 99% used [0x00000000e7680000,0x00000000e93fdeb8,0x00000000e9400000)
  to   space 38912K, 0% used [0x00000000e5080000,0x00000000e5080000,0x00000000e7680000)
 ParOldGen       total 112128K, used 35413K [0x00000000a0000000, 0x00000000a6d80000, 0x00000000e0000000)
  object space 112128K, 31% used [0x00000000a0000000,0x00000000a2295790,0x00000000a6d80000)
 Metaspace       used 53004K, capacity 53961K, committed 54272K, reserved 1097728K
  class space    used 6384K, capacity 6636K, committed 6656K, reserved 1048576K
Event: 471.049 GC heap after
Heap after GC invocations=14 (full 3):
 PSYoungGen      total 121344K, used 35117K [0x00000000e0000000, 0x00000000eb780000, 0x0000000100000000)
  eden space 82432K, 0% used [0x00000000e0000000,0x00000000e0000000,0x00000000e5080000)
  from space 38912K, 90% used [0x00000000e5080000,0x00000000e72cb430,0x00000000e7680000)
  to   space 43520K, 0% used [0x00000000e8d00000,0x00000000e8d00000,0x00000000eb780000)
 ParOldGen       total 112128K, used 44742K [0x00000000a0000000, 0x00000000a6d80000, 0x00000000e0000000)
  object space 112128K, 39% used [0x00000000a0000000,0x00000000a2bb1a18,0x00000000a6d80000)
 Metaspace       used 53004K, capacity 53961K, committed 54272K, reserved 1097728K
  class space    used 6384K, capacity 6636K, committed 6656K, reserved 1048576K
}

Deoptimization events (10 events):
Event: 62.110 Thread 0x000000001b424000 Uncommon trap: reason=class_check action=maybe_recompile pc=0x000000000645c63c method=org.jetbrains.kotlin.resolve.calls.callResolverUtil.CallResolverUtilKt.isOrOverridesSynthesized(Lorg/jetbrains/kotlin/descriptors/CallableMemberDescriptor;)Z @ 46
Event: 62.110 Thread 0x000000001b424000 Uncommon trap: reason=class_check action=maybe_recompile pc=0x000000000645c63c method=org.jetbrains.kotlin.resolve.calls.callResolverUtil.CallResolverUtilKt.isOrOverridesSynthesized(Lorg/jetbrains/kotlin/descriptors/CallableMemberDescriptor;)Z @ 46
Event: 62.110 Thread 0x000000001b424000 Uncommon trap: reason=class_check action=maybe_recompile pc=0x000000000645c63c method=org.jetbrains.kotlin.resolve.calls.callResolverUtil.CallResolverUtilKt.isOrOverridesSynthesized(Lorg/jetbrains/kotlin/descriptors/CallableMemberDescriptor;)Z @ 46
Event: 62.117 Thread 0x000000001b424000 Uncommon trap: reason=bimorphic action=maybe_recompile pc=0x000000000646e190 method=org.jetbrains.kotlin.resolve.OverridingUtil.collectOverriddenDeclarations(Lorg/jetbrains/kotlin/descriptors/CallableMemberDescriptor;Ljava/util/Set;)V @ 1
Event: 62.117 Thread 0x000000001b424000 Uncommon trap: reason=bimorphic action=maybe_recompile pc=0x000000000646e190 method=org.jetbrains.kotlin.resolve.OverridingUtil.collectOverriddenDeclarations(Lorg/jetbrains/kotlin/descriptors/CallableMemberDescriptor;Ljava/util/Set;)V @ 1
Event: 62.117 Thread 0x000000001b424000 Uncommon trap: reason=bimorphic action=maybe_recompile pc=0x000000000646e190 method=org.jetbrains.kotlin.resolve.OverridingUtil.collectOverriddenDeclarations(Lorg/jetbrains/kotlin/descriptors/CallableMemberDescriptor;Ljava/util/Set;)V @ 1
Event: 62.117 Thread 0x000000001b424000 Uncommon trap: reason=bimorphic action=maybe_recompile pc=0x000000000646e190 method=org.jetbrains.kotlin.resolve.OverridingUtil.collectOverriddenDeclarations(Lorg/jetbrains/kotlin/descriptors/CallableMemberDescriptor;Ljava/util/Set;)V @ 1
Event: 62.204 Thread 0x000000001b424000 Uncommon trap: reason=null_check action=make_not_entrant pc=0x00000000066497ac method=org.jetbrains.kotlin.load.java.components.JavaAnnotationDescriptor.<init>(Lorg/jetbrains/kotlin/load/java/lazy/LazyJavaResolverContext;Lorg/jetbrains/kotlin/load/java/st
Event: 471.003 Thread 0x000000001c135000 Uncommon trap: reason=class_check action=maybe_recompile pc=0x000000000628a1b4 method=org.jetbrains.kotlin.com.intellij.psi.impl.source.CharTableImpl.subSequenceHashCode(Ljava/lang/CharSequence;II)I @ 15
Event: 471.019 Thread 0x000000001c135000 Uncommon trap: reason=unstable_if action=reinterpret pc=0x00000000062c50d8 method=org.jetbrains.kotlin.psi.KtFile.getVirtualFilePath()Ljava/lang/String; @ 5

Classes redefined (0 events):
No events

Internal exceptions (10 events):
Event: 61.064 Thread 0x000000001d7a2800 Exception <a 'java/lang/InterruptedException'> (0x00000000e002c5f8) thrown at [D:\src\AOSP-openjdk-cygwin\jdk8u\hotspot\src\share\vm\runtime\objectMonitor.cpp, line 1684]
Event: 61.075 Thread 0x000000001b424000 Exception <a 'sun/nio/fs/WindowsException'> (0x00000000e00d84e8) thrown at [D:\src\AOSP-openjdk-cygwin\jdk8u\hotspot\src\share\vm\prims\jni.cpp, line 709]
Event: 61.075 Thread 0x000000001b424000 Exception <a 'java/lang/reflect/InvocationTargetException'> (0x00000000e00d8d30) thrown at [D:\src\AOSP-openjdk-cygwin\jdk8u\hotspot\src\share\vm\runtime\reflection.cpp, line 1092]
Event: 61.203 Thread 0x000000001b424000 Implicit null exception at 0x0000000005acd5ca to 0x0000000005acd78d
Event: 61.877 Thread 0x000000001b424000 Implicit null exception at 0x00000000055e3796 to 0x00000000055e3b31
Event: 61.882 Thread 0x000000001b424000 Implicit null exception at 0x00000000055c63d7 to 0x00000000055c67e1
Event: 61.917 Thread 0x000000001b424000 Implicit null exception at 0x0000000006527f47 to 0x00000000065290b7
Event: 62.204 Thread 0x000000001b424000 Implicit null exception at 0x0000000006648e73 to 0x00000000066497a1
Event: 470.887 Thread 0x000000002169c000 Exception <a 'java/lang/InterruptedException'> (0x00000000e3c1be48) thrown at [D:\src\AOSP-openjdk-cygwin\jdk8u\hotspot\src\share\vm\runtime\objectMonitor.cpp, line 1684]
Event: 470.895 Thread 0x000000001c135000 Exception <a 'sun/nio/fs/WindowsException'> (0x00000000e3c9fee8) thrown at [D:\src\AOSP-openjdk-cygwin\jdk8u\hotspot\src\share\vm\prims\jni.cpp, line 709]

Events (10 events):
Event: 471.065 Thread 0x000000001b071000 flushing nmethod 0x0000000006468350
Event: 471.065 Thread 0x000000001b071000 flushing nmethod 0x00000000064957d0
Event: 471.065 Thread 0x000000001b071000 flushing nmethod 0x00000000064efb50
Event: 471.065 Thread 0x000000001b071000 flushing nmethod 0x00000000064efed0
Event: 471.065 Thread 0x000000001b071000 flushing nmethod 0x00000000064f8850
Event: 471.066 Thread 0x000000001b071000 flushing nmethod 0x000000000657ac10
Event: 471.066 Thread 0x000000001b071000 flushing nmethod 0x000000000658fc90
Event: 471.066 Thread 0x000000001b071000 flushing nmethod 0x00000000065b1ad0
Event: 471.072 Thread 0x000000001c135000 DEOPT PACKING pc=0x0000000005c2afef sp=0x00000000250f9080
Event: 471.072 Thread 0x000000001c135000 DEOPT UNPACKING pc=0x00000000053f75d0 sp=0x00000000250f8de0 mode 0


Dynamic libraries:
0x00007ff7f2fd0000 - 0x00007ff7f3001000 	C:\Program Files\Android\Android Studio\jre\jre\bin\java.exe
0x00007ffe71850000 - 0x00007ffe71a30000 	C:\WINDOWS\SYSTEM32\ntdll.dll
0x00007ffe6f300000 - 0x00007ffe6f3ae000 	C:\WINDOWS\System32\KERNEL32.DLL
0x00007ffe6e9b0000 - 0x00007ffe6ec16000 	C:\WINDOWS\System32\KERNELBASE.dll
0x00007ffe70ff0000 - 0x00007ffe71091000 	C:\WINDOWS\System32\ADVAPI32.dll
0x00007ffe711a0000 - 0x00007ffe7123d000 	C:\WINDOWS\System32\msvcrt.dll
0x00007ffe6f800000 - 0x00007ffe6f85b000 	C:\WINDOWS\System32\sechost.dll
0x00007ffe6ed30000 - 0x00007ffe6ee4f000 	C:\WINDOWS\System32\RPCRT4.dll
0x00007ffe713d0000 - 0x00007ffe7155f000 	C:\WINDOWS\System32\USER32.dll
0x00007ffe6dfc0000 - 0x00007ffe6dfe0000 	C:\WINDOWS\System32\win32u.dll
0x00007ffe70fc0000 - 0x00007ffe70fe8000 	C:\WINDOWS\System32\GDI32.dll
0x00007ffe6dc50000 - 0x00007ffe6dde3000 	C:\WINDOWS\System32\gdi32full.dll
0x00007ffe6e730000 - 0x00007ffe6e7cb000 	C:\WINDOWS\System32\msvcp_win.dll
0x00007ffe6ec20000 - 0x00007ffe6ed16000 	C:\WINDOWS\System32\ucrtbase.dll
0x00007ffe617c0000 - 0x00007ffe61a29000 	C:\WINDOWS\WinSxS\amd64_microsoft.windows.common-controls_6595b64144ccf1df_6.0.16299.309_none_15cfd4c4935e6b11\COMCTL32.dll
0x00007ffe70cb0000 - 0x00007ffe70fb8000 	C:\WINDOWS\System32\combase.dll
0x00007ffe6e830000 - 0x00007ffe6e8a2000 	C:\WINDOWS\System32\bcryptPrimitives.dll
0x00007ffe6f7d0000 - 0x00007ffe6f7fd000 	C:\WINDOWS\System32\IMM32.DLL
0x0000000066590000 - 0x0000000066662000 	C:\Program Files\Android\Android Studio\jre\jre\bin\msvcr100.dll
0x0000000066670000 - 0x0000000066eaf000 	C:\Program Files\Android\Android Studio\jre\jre\bin\server\jvm.dll
0x00007ffe70ca0000 - 0x00007ffe70ca8000 	C:\WINDOWS\System32\PSAPI.DLL
0x00007ffe661a0000 - 0x00007ffe661a9000 	C:\WINDOWS\SYSTEM32\WSOCK32.dll
0x00007ffe65650000 - 0x00007ffe6565a000 	C:\WINDOWS\SYSTEM32\VERSION.dll
0x00007ffe69e70000 - 0x00007ffe69e93000 	C:\WINDOWS\SYSTEM32\WINMM.dll
0x00007ffe71240000 - 0x00007ffe712ac000 	C:\WINDOWS\System32\WS2_32.dll
0x00007ffe69e10000 - 0x00007ffe69e3a000 	C:\WINDOWS\SYSTEM32\winmmbase.dll
0x00007ffe6e960000 - 0x00007ffe6e9aa000 	C:\WINDOWS\System32\cfgmgr32.dll
0x00007ffe66130000 - 0x00007ffe6613f000 	C:\Program Files\Android\Android Studio\jre\jre\bin\verify.dll
0x00007ffe65750000 - 0x00007ffe65779000 	C:\Program Files\Android\Android Studio\jre\jre\bin\java.dll
0x00007ffe65730000 - 0x00007ffe65746000 	C:\Program Files\Android\Android Studio\jre\jre\bin\zip.dll
0x00007ffe6f860000 - 0x00007ffe70c96000 	C:\WINDOWS\System32\SHELL32.dll
0x00007ffe6f3b0000 - 0x00007ffe6f456000 	C:\WINDOWS\System32\shcore.dll
0x00007ffe6dfe0000 - 0x00007ffe6e727000 	C:\WINDOWS\System32\windows.storage.dll
0x00007ffe6f2a0000 - 0x00007ffe6f2f1000 	C:\WINDOWS\System32\shlwapi.dll
0x00007ffe6dc30000 - 0x00007ffe6dc41000 	C:\WINDOWS\System32\kernel.appcore.dll
0x00007ffe6dba0000 - 0x00007ffe6dbec000 	C:\WINDOWS\System32\powrprof.dll
0x00007ffe6dc10000 - 0x00007ffe6dc2b000 	C:\WINDOWS\System32\profapi.dll
0x00007ffe650d0000 - 0x00007ffe650dd000 	C:\Program Files\Android\Android Studio\jre\jre\bin\management.dll
0x00007ffe63bc0000 - 0x00007ffe63bda000 	C:\Program Files\Android\Android Studio\jre\jre\bin\net.dll
0x00007ffe6d430000 - 0x00007ffe6d496000 	C:\WINDOWS\system32\mswsock.dll
0x00007ffe63ba0000 - 0x00007ffe63bb1000 	C:\Program Files\Android\Android Studio\jre\jre\bin\nio.dll
0x00007ffe6d5f0000 - 0x00007ffe6d607000 	C:\WINDOWS\SYSTEM32\CRYPTSP.dll
0x00007ffe6d030000 - 0x00007ffe6d063000 	C:\WINDOWS\system32\rsaenh.dll
0x00007ffe6d700000 - 0x00007ffe6d725000 	C:\WINDOWS\SYSTEM32\bcrypt.dll
0x00007ffe6dad0000 - 0x00007ffe6daf9000 	C:\WINDOWS\SYSTEM32\USERENV.dll
0x00007ffe6d610000 - 0x00007ffe6d61b000 	C:\WINDOWS\SYSTEM32\CRYPTBASE.dll
0x00007ffe6d1c0000 - 0x00007ffe6d1f9000 	C:\WINDOWS\SYSTEM32\IPHLPAPI.DLL
0x00007ffe713c0000 - 0x00007ffe713c8000 	C:\WINDOWS\System32\NSI.dll
0x00007ffe680d0000 - 0x00007ffe680e6000 	C:\WINDOWS\SYSTEM32\dhcpcsvc6.DLL
0x00007ffe680b0000 - 0x00007ffe680ca000 	C:\WINDOWS\SYSTEM32\dhcpcsvc.DLL

VM Arguments:
jvm_args: -Djava.awt.headless=true -Djava.rmi.server.hostname=localhost -Xmx1536m -Dkotlin.environment.keepalive 
java_command: org.jetbrains.kotlin.daemon.KotlinCompileDaemon --daemon-runFilesPath C:\Users\Artiom\AppData\Local\kotlin\daemon --daemon-autoshutdownIdleSeconds=7200 --daemon-compilerClasspath C:\Users\Artiom\.gradle\caches\modules-2\files-2.1\org.jetbrains.kotlin\kotlin-compiler-embeddable\1.2.30\9b3f10d4717b9ac238b287e9b6eb2b4eadd8e870\kotlin-compiler-embeddable-1.2.30.jar;C:\Users\Artiom\.gradle\caches\modules-2\files-2.1\org.jetbrains.kotlin\kotlin-stdlib\1.2.30\2dfac33f8b4e92c9dd1422cd286834701a6f6d6\kotlin-stdlib-1.2.30.jar;C:\Users\Artiom\.gradle\caches\modules-2\files-2.1\org.jetbrains.kotlin\kotlin-script-runtime\1.2.30\37ee7531a636e99b639f8b1544cdda27d0ee30b0\kotlin-script-runtime-1.2.30.jar;C:\Users\Artiom\.gradle\caches\modules-2\files-2.1\org.jetbrains.kotlin\kotlin-reflect\1.2.30\9758025a415ee400e1f90ff222bcfec247779133\kotlin-reflect-1.2.30.jar;C:\Program Files\Android\Android Studio\jre\lib\tools.jar
java_class_path (initial): C:\Users\Artiom\.gradle\caches\modules-2\files-2.1\org.jetbrains.kotlin\kotlin-compiler-embeddable\1.2.30\9b3f10d4717b9ac238b287e9b6eb2b4eadd8e870\kotlin-compiler-embeddable-1.2.30.jar;C:\Users\Artiom\.gradle\caches\modules-2\files-2.1\org.jetbrains.kotlin\kotlin-stdlib\1.2.30\2dfac33f8b4e92c9dd1422cd286834701a6f6d6\kotlin-stdlib-1.2.30.jar;C:\Users\Artiom\.gradle\caches\modules-2\files-2.1\org.jetbrains.kotlin\kotlin-script-runtime\1.2.30\37ee7531a636e99b639f8b1544cdda27d0ee30b0\kotlin-script-runtime-1.2.30.jar;C:\Users\Artiom\.gradle\caches\modules-2\files-2.1\org.jetbrains.kotlin\kotlin-reflect\1.2.30\9758025a415ee400e1f90ff222bcfec247779133\kotlin-reflect-1.2.30.jar;C:\Program Files\Android\Android Studio\jre\lib\tools.jar
Launcher Type: SUN_STANDARD

Environment Variables:
JAVA_HOME=C:\Program Files\Java\jdk1.8.0_102\
PATH=C:\ProgramData\Oracle\Java\javapath;C:\PROGRA~2\Borland\CBUILD~1\Bin;C:\PROGRA~2\Borland\CBUILD~1\Projects\Bpl;C:\Program Files\Java\jdk1.8.0_102\bin;C:\Program Files\Microsoft SQL Server\130\Tools\Binn\;C:\Program Files (x86)\Skype\Phone\;C:\Program Files\MATLAB\R2012b\runtime\win64;C:\Program Files\MATLAB\R2012b\bin;C:\Program Files\MATLAB\R2007b\bin;C:\Program Files\MATLAB\R2007b\bin\win64;C:\MATLAB7\bin\win32;C:\Program Files\MATLAB\MATLAB Production Server\R2014a\runtime\win64;C:\Program Files\MATLAB\MATLAB Production Server\R2014a\bin;C:\Program Files\MATLAB\R2014a\runtime\win64;C:\Program Files\MATLAB\R2014a\bin;C:\Program Files\MATLAB\R2014a\polyspace\bin;C:\Program Files\MATLAB\MATLAB Production Server\R2014a\polyspace\bin;C:\Program Files (x86)\NVIDIA Corporation\PhysX\Common;C:\Program Files\nodejs\;C:\Program Files\Git\cmd;C:\WINDOWS\system32;C:\WINDOWS;C:\WINDOWS\System32\Wbem;C:\WINDOWS\System32\WindowsPowerShell\v1.0\;C:\Program Files\Microsoft SQL Server\Client SDK\ODBC\130\Tools\Binn\;C:\Program Files (x86)\Microsoft SQL Server\140\Tools\Binn\;C:\Program Files\Microsoft SQL Server\140\Tools\Binn\;C:\Program Files\Microsoft SQL Server\140\DTS\Binn\;C:\Program Files (x86)\Microsoft SQL Server\Client SDK\ODBC\130\Tools\Binn\;C:\Program Files (x86)\Microsoft SQL Server\140\DTS\Binn\;C:\Program Files (x86)\Microsoft SQL Server\140\Tools\Binn\ManagementStudio\;C:\Users\Artiom\AppData\Local\Microsoft\WindowsApps;C:\Users\Artiom\AppData\Roaming\npm;
USERNAME=Artiom
OS=Windows_NT
PROCESSOR_IDENTIFIER=Intel64 Family 6 Model 60 Stepping 3, GenuineIntel



---------------  S Y S T E M  ---------------

OS: Windows 10.0 , 64 bit Build 16299 (10.0.16299.15)

CPU:total 8 (initial active 8) (4 cores per cpu, 2 threads per core) family 6 model 60 stepping 3, cmov, cx8, fxsr, mmx, sse, sse2, sse3, ssse3, sse4.1, sse4.2, popcnt, avx, avx2, aes, clmul, erms, lzcnt, ht, tsc, tscinvbit, bmi1, bmi2

Memory: 4k page, physical 8268852k(837368k free), swap 8268852k(5312k free)

vm_info: OpenJDK 64-Bit Server VM (25.152-b02) for windows-amd64 JRE (1.8.0_152-release-1024-b02), built by "builder" with MS VC++ 10.0 (VS2010)

time: Wed Apr 11 16:35:14 2018
elapsed time: 471 seconds (0d 0h 7m 51s)

